[2022-04-11 09:20:25,320] {taskinstance.py:1037} INFO - Dependencies all met for <TaskInstance: hook_dag.transfer_suit_pa manual__2022-04-11T09:20:21.541218+00:00 [queued]>
[2022-04-11 09:20:25,328] {taskinstance.py:1037} INFO - Dependencies all met for <TaskInstance: hook_dag.transfer_suit_pa manual__2022-04-11T09:20:21.541218+00:00 [queued]>
[2022-04-11 09:20:25,328] {taskinstance.py:1243} INFO - 
--------------------------------------------------------------------------------
[2022-04-11 09:20:25,328] {taskinstance.py:1244} INFO - Starting attempt 1 of 2
[2022-04-11 09:20:25,328] {taskinstance.py:1245} INFO - 
--------------------------------------------------------------------------------
[2022-04-11 09:20:25,336] {taskinstance.py:1264} INFO - Executing <Task(Postgres2File): transfer_suit_pa> on 2022-04-11 09:20:21.541218+00:00
[2022-04-11 09:20:25,340] {standard_task_runner.py:52} INFO - Started process 443 to run task
[2022-04-11 09:20:25,342] {standard_task_runner.py:76} INFO - Running: ['***', 'tasks', 'run', 'hook_dag', 'transfer_suit_pa', 'manual__2022-04-11T09:20:21.541218+00:00', '--job-id', '42', '--raw', '--subdir', 'DAGS_FOLDER/hook_dag.py', '--cfg-path', '/tmp/tmptvlcfr7n', '--error-file', '/tmp/tmpz9viswug']
[2022-04-11 09:20:25,343] {standard_task_runner.py:77} INFO - Job 42: Subtask transfer_suit_pa
[2022-04-11 09:20:25,390] {logging_mixin.py:109} INFO - Running <TaskInstance: hook_dag.transfer_suit_pa manual__2022-04-11T09:20:21.541218+00:00 [running]> on host b69b085ebecc
[2022-04-11 09:20:25,428] {taskinstance.py:1431} INFO - Exporting the following env vars:
AIRFLOW_CTX_DAG_OWNER=***
AIRFLOW_CTX_DAG_ID=hook_dag
AIRFLOW_CTX_TASK_ID=transfer_suit_pa
AIRFLOW_CTX_EXECUTION_DATE=2022-04-11T09:20:21.541218+00:00
AIRFLOW_CTX_DAG_RUN_ID=manual__2022-04-11T09:20:21.541218+00:00
[2022-04-11 09:20:25,435] {base.py:79} INFO - Using connection to: id: postgres_default. Host: postgres, Port: 5432, Schema: ***, Login: ***, Password: ***, extra: {}
[2022-04-11 09:20:25,444] {taskinstance.py:1718} ERROR - Task failed with exception
Traceback (most recent call last):
  File "/opt/airflow/plugins/Postgres2File.py", line 81, in execute
    self._execute(src_hook, context)
  File "/opt/airflow/plugins/Postgres2File.py", line 76, in _execute
    context['task_instance'].xcom_push(key='q_rows', value=q_rows)
UnboundLocalError: local variable 'q_rows' referenced before assignment

During handling of the above exception, another exception occurred:

Traceback (most recent call last):
  File "/home/airflow/.local/lib/python3.7/site-packages/airflow/models/taskinstance.py", line 1334, in _run_raw_task
    self._execute_task_with_callbacks(context)
  File "/home/airflow/.local/lib/python3.7/site-packages/airflow/models/taskinstance.py", line 1460, in _execute_task_with_callbacks
    result = self._execute_task(context, self.task)
  File "/home/airflow/.local/lib/python3.7/site-packages/airflow/models/taskinstance.py", line 1516, in _execute_task
    result = execute_callable(context=context)
  File "/opt/airflow/plugins/Postgres2File.py", line 85, in execute
    raise exc
NameError: name 'exc' is not defined
[2022-04-11 09:20:25,453] {taskinstance.py:1282} INFO - Marking task as UP_FOR_RETRY. dag_id=hook_dag, task_id=transfer_suit_pa, execution_date=20220411T092021, start_date=20220411T092025, end_date=20220411T092025
[2022-04-11 09:20:25,462] {standard_task_runner.py:92} ERROR - Failed to execute job 42 for task transfer_suit_pa
Traceback (most recent call last):
  File "/opt/airflow/plugins/Postgres2File.py", line 81, in execute
    self._execute(src_hook, context)
  File "/opt/airflow/plugins/Postgres2File.py", line 76, in _execute
    context['task_instance'].xcom_push(key='q_rows', value=q_rows)
UnboundLocalError: local variable 'q_rows' referenced before assignment

During handling of the above exception, another exception occurred:

Traceback (most recent call last):
  File "/home/airflow/.local/lib/python3.7/site-packages/airflow/task/task_runner/standard_task_runner.py", line 85, in _start_by_fork
    args.func(args, dag=self.dag)
  File "/home/airflow/.local/lib/python3.7/site-packages/airflow/cli/cli_parser.py", line 48, in command
    return func(*args, **kwargs)
  File "/home/airflow/.local/lib/python3.7/site-packages/airflow/utils/cli.py", line 92, in wrapper
    return f(*args, **kwargs)
  File "/home/airflow/.local/lib/python3.7/site-packages/airflow/cli/commands/task_command.py", line 298, in task_run
    _run_task_by_selected_method(args, dag, ti)
  File "/home/airflow/.local/lib/python3.7/site-packages/airflow/cli/commands/task_command.py", line 107, in _run_task_by_selected_method
    _run_raw_task(args, ti)
  File "/home/airflow/.local/lib/python3.7/site-packages/airflow/cli/commands/task_command.py", line 184, in _run_raw_task
    error_file=args.error_file,
  File "/home/airflow/.local/lib/python3.7/site-packages/airflow/utils/session.py", line 70, in wrapper
    return func(*args, session=session, **kwargs)
  File "/home/airflow/.local/lib/python3.7/site-packages/airflow/models/taskinstance.py", line 1334, in _run_raw_task
    self._execute_task_with_callbacks(context)
  File "/home/airflow/.local/lib/python3.7/site-packages/airflow/models/taskinstance.py", line 1460, in _execute_task_with_callbacks
    result = self._execute_task(context, self.task)
  File "/home/airflow/.local/lib/python3.7/site-packages/airflow/models/taskinstance.py", line 1516, in _execute_task
    result = execute_callable(context=context)
  File "/opt/airflow/plugins/Postgres2File.py", line 85, in execute
    raise exc
NameError: name 'exc' is not defined
[2022-04-11 09:20:25,473] {local_task_job.py:154} INFO - Task exited with return code 1
[2022-04-11 09:20:25,494] {local_task_job.py:264} INFO - 0 downstream tasks scheduled from follow-on schedule check
